<?xml version="1.0" encoding="UTF-8"?>
<!-- Generated by org.testng.reporters.JUnitXMLReporter -->
<testsuite ignored="3" hostname="Sagaya-HP" failures="8" tests="41" name="Test" time="940.985" errors="0" timestamp="2022-09-02T08:15:14 EDT">
  <testcase classname="com.amazon.qa.testcases.CreateAccountTest" name="Title" time="0.025">
    <failure type="java.lang.AssertionError" message="expected [Amazon Registration] but found [Amazon.ca: Low Prices – Fast Shipping – Millions of Items]">
      <![CDATA[java.lang.AssertionError: expected [Amazon Registration] but found [Amazon.ca: Low Prices – Fast Shipping – Millions of Items]
at com.amazon.qa.testcases.CreateAccountTest.Title(CreateAccountTest.java:34)
at java.base/java.util.ArrayList.forEach(ArrayList.java:1511)
... Removed 31 stack frames]]>
    </failure>
  </testcase> <!-- Title -->
  <testcase classname="com.amazon.qa.testcases.CreateAccountTest" name="login" time="9.414"/>
  <testcase classname="com.amazon.qa.testcases.CreateAccountTest" name="verifylogo" time="0.076"/>
  <testcase classname="com.amazon.qa.testcases.SearchingSortingFilteringTest" name="Title" time="0.004">
    <failure type="java.lang.NullPointerException" message="Cannot invoke &amp;quot;pompackage.PomSearchingSortingFiltering.verify()&amp;quot; because &amp;quot;this.SearchingSortingFiltering&amp;quot; is null">
      <![CDATA[java.lang.NullPointerException: Cannot invoke "pompackage.PomSearchingSortingFiltering.verify()" because "this.SearchingSortingFiltering" is null
at com.amazon.qa.testcases.SearchingSortingFilteringTest.Title(SearchingSortingFilteringTest.java:38)
at java.base/java.util.ArrayList.forEach(ArrayList.java:1511)
... Removed 25 stack frames]]>
    </failure>
  </testcase> <!-- Title -->
  <testcase classname="com.amazon.qa.testcases.SearchingSortingFilteringTest" name="search" time="7.267"/>
  <testcase classname="com.amazon.qa.testcases.SearchingSortingFilteringTest" name="GetAllProduct" time="9.254"/>
  <testcase classname="com.amazon.qa.testcases.SearchingSortingFilteringTest" name="verifysortingFunctionality" time="8.85"/>
  <testcase classname="com.amazon.qa.testcases.SearchingSortingFilteringTest" name="verifyFilterfunctionality" time="21.287"/>
  <testcase classname="com.amazon.qa.testcases.SearchingSortingFilteringTest" name="verifyPaginationfunctionality" time="67.398"/>
  <testcase classname="com.amazon.qa.testcases.SearchingSortingFilteringTest" name="verifyfindDuplicatesinPages" time="21.412"/>
  <testcase classname="com.amazon.qa.testcases.SigninTest" name="login" time="7.229"/>
  <testcase classname="com.amazon.qa.testcases.SigninTest" name="verifylogo" time="1.971"/>
  <testcase classname="com.amazon.qa.testcases.ShoppingCartTest" name="verifyAddToCart" time="9.691"/>
  <testcase classname="com.amazon.qa.testcases.ShoppingCartTest" name="verifyAddQuantity" time="1.124">
    <failure type="org.openqa.selenium.ElementClickInterceptedException" message="element click intercepted: Element &amp;lt;span class=&amp;quot;nav-cart-icon nav-sprite&amp;quot;&amp;gt;&amp;lt;/span&amp;gt; is not clickable at point (1452, 30). Other element would receive the click: &amp;lt;span id=&amp;quot;nav-cart-count&amp;quot; aria-hidden=&amp;quot;true&amp;quot; class=&amp;quot;nav-cart-count nav-cart-1 nav-progressive-attribute nav-progressive-content&amp;quot;&amp;gt;...&amp;lt;/span&amp;gt;
  (Session info: chrome=104.0.5112.102)
Build info: version: &amp;apos;3.141.59&amp;apos;, revision: &amp;apos;e82be7d358&amp;apos;, time: &amp;apos;2018-11-14T08:17:03&amp;apos;
System info: host: &amp;apos;SAGAYA-HP&amp;apos;, ip: &amp;apos;192.168.0.37&amp;apos;, os.name: &amp;apos;Windows 11&amp;apos;, os.arch: &amp;apos;amd64&amp;apos;, os.version: &amp;apos;10.0&amp;apos;, java.version: &amp;apos;18.0.1.1&amp;apos;
Driver info: org.openqa.selenium.chrome.ChromeDriver
Capabilities {acceptInsecureCerts: false, browserName: chrome, browserVersion: 104.0.5112.102, chrome: {chromedriverVersion: 103.0.5060.134 (8ec6fce403b..., userDataDir: C:\Users\anith\AppData\Loca...}, goog:chromeOptions: {debuggerAddress: localhost:64344}, javascriptEnabled: true, networkConnectionEnabled: false, pageLoadStrategy: normal, platform: WINDOWS, platformName: WINDOWS, proxy: Proxy(), setWindowRect: true, strictFileInteractability: false, timeouts: {implicit: 0, pageLoad: 300000, script: 30000}, unhandledPromptBehavior: dismiss and notify, webauthn:extension:credBlob: true, webauthn:extension:largeBlob: true, webauthn:virtualAuthenticators: true}
Session ID: f6eaaa55f6444569e4da8c56ef84e894">
      <![CDATA[org.openqa.selenium.ElementClickInterceptedException: element click intercepted: Element <span class="nav-cart-icon nav-sprite"></span> is not clickable at point (1452, 30). Other element would receive the click: <span id="nav-cart-count" aria-hidden="true" class="nav-cart-count nav-cart-1 nav-progressive-attribute nav-progressive-content">...</span>
  (Session info: chrome=104.0.5112.102)
Build info: version: '3.141.59', revision: 'e82be7d358', time: '2018-11-14T08:17:03'
System info: host: 'SAGAYA-HP', ip: '192.168.0.37', os.name: 'Windows 11', os.arch: 'amd64', os.version: '10.0', java.version: '18.0.1.1'
Driver info: org.openqa.selenium.chrome.ChromeDriver
Capabilities {acceptInsecureCerts: false, browserName: chrome, browserVersion: 104.0.5112.102, chrome: {chromedriverVersion: 103.0.5060.134 (8ec6fce403b..., userDataDir: C:\Users\anith\AppData\Loca...}, goog:chromeOptions: {debuggerAddress: localhost:64344}, javascriptEnabled: true, networkConnectionEnabled: false, pageLoadStrategy: normal, platform: WINDOWS, platformName: WINDOWS, proxy: Proxy(), setWindowRect: true, strictFileInteractability: false, timeouts: {implicit: 0, pageLoad: 300000, script: 30000}, unhandledPromptBehavior: dismiss and notify, webauthn:extension:credBlob: true, webauthn:extension:largeBlob: true, webauthn:virtualAuthenticators: true}
Session ID: f6eaaa55f6444569e4da8c56ef84e894
at org.openqa.selenium.remote.http.W3CHttpResponseCodec.createException(W3CHttpResponseCodec.java:187)
at org.openqa.selenium.remote.http.W3CHttpResponseCodec.decode(W3CHttpResponseCodec.java:122)
at org.openqa.selenium.remote.http.W3CHttpResponseCodec.decode(W3CHttpResponseCodec.java:49)
at org.openqa.selenium.remote.HttpCommandExecutor.execute(HttpCommandExecutor.java:158)
at org.openqa.selenium.remote.service.DriverCommandExecutor.execute(DriverCommandExecutor.java:83)
at org.openqa.selenium.remote.RemoteWebDriver.execute(RemoteWebDriver.java:552)
at org.openqa.selenium.remote.RemoteWebElement.execute(RemoteWebElement.java:285)
at org.openqa.selenium.remote.RemoteWebElement.click(RemoteWebElement.java:84)
at org.openqa.selenium.support.pagefactory.internal.LocatingElementHandler.invoke(LocatingElementHandler.java:51)
at jdk.proxy2/jdk.proxy2.$Proxy12.click(Unknown Source)
at pompackage.PomShoppingCart.addquantity(PomShoppingCart.java:101)
at com.amazon.qa.testcases.ShoppingCartTest.verifyAddQuantity(ShoppingCartTest.java:66)
at java.base/java.util.ArrayList.forEach(ArrayList.java:1511)
... Removed 30 stack frames]]>
    </failure>
  </testcase> <!-- verifyAddQuantity -->
  <testcase classname="com.amazon.qa.testcases.ShoppingCartTest" name="verifyAddSameItemMultipleTimes" time="70.227">
    <failure type="org.openqa.selenium.NoSuchElementException" message="no such element: Unable to locate element: {&amp;quot;method&amp;quot;:&amp;quot;xpath&amp;quot;,&amp;quot;selector&amp;quot;:&amp;quot;//*[@id=&amp;apos;sc-item-Ce155685e-3ea9-478a-8c32-abb4d797f36c&amp;apos;]/div[4]/div/div[3]/div[1]/span[2]/span/input&amp;quot;}
  (Session info: chrome=104.0.5112.102)
For documentation on this error, please visit: https://www.seleniumhq.org/exceptions/no_such_element.html
Build info: version: &amp;apos;3.141.59&amp;apos;, revision: &amp;apos;e82be7d358&amp;apos;, time: &amp;apos;2018-11-14T08:17:03&amp;apos;
System info: host: &amp;apos;SAGAYA-HP&amp;apos;, ip: &amp;apos;192.168.0.37&amp;apos;, os.name: &amp;apos;Windows 11&amp;apos;, os.arch: &amp;apos;amd64&amp;apos;, os.version: &amp;apos;10.0&amp;apos;, java.version: &amp;apos;18.0.1.1&amp;apos;
Driver info: org.openqa.selenium.chrome.ChromeDriver
Capabilities {acceptInsecureCerts: false, browserName: chrome, browserVersion: 104.0.5112.102, chrome: {chromedriverVersion: 103.0.5060.134 (8ec6fce403b..., userDataDir: C:\Users\anith\AppData\Loca...}, goog:chromeOptions: {debuggerAddress: localhost:64434}, javascriptEnabled: true, networkConnectionEnabled: false, pageLoadStrategy: normal, platform: WINDOWS, platformName: WINDOWS, proxy: Proxy(), setWindowRect: true, strictFileInteractability: false, timeouts: {implicit: 0, pageLoad: 300000, script: 30000}, unhandledPromptBehavior: dismiss and notify, webauthn:extension:credBlob: true, webauthn:extension:largeBlob: true, webauthn:virtualAuthenticators: true}
Session ID: bdbd5ed61c07daff3b50897a79ee78e5
*** Element info: {Using=xpath, value=//*[@id=&amp;apos;sc-item-Ce155685e-3ea9-478a-8c32-abb4d797f36c&amp;apos;]/div[4]/div/div[3]/div[1]/span[2]/span/input}">
      <![CDATA[org.openqa.selenium.NoSuchElementException: no such element: Unable to locate element: {"method":"xpath","selector":"//*[@id='sc-item-Ce155685e-3ea9-478a-8c32-abb4d797f36c']/div[4]/div/div[3]/div[1]/span[2]/span/input"}
  (Session info: chrome=104.0.5112.102)
For documentation on this error, please visit: https://www.seleniumhq.org/exceptions/no_such_element.html
Build info: version: '3.141.59', revision: 'e82be7d358', time: '2018-11-14T08:17:03'
System info: host: 'SAGAYA-HP', ip: '192.168.0.37', os.name: 'Windows 11', os.arch: 'amd64', os.version: '10.0', java.version: '18.0.1.1'
Driver info: org.openqa.selenium.chrome.ChromeDriver
Capabilities {acceptInsecureCerts: false, browserName: chrome, browserVersion: 104.0.5112.102, chrome: {chromedriverVersion: 103.0.5060.134 (8ec6fce403b..., userDataDir: C:\Users\anith\AppData\Loca...}, goog:chromeOptions: {debuggerAddress: localhost:64434}, javascriptEnabled: true, networkConnectionEnabled: false, pageLoadStrategy: normal, platform: WINDOWS, platformName: WINDOWS, proxy: Proxy(), setWindowRect: true, strictFileInteractability: false, timeouts: {implicit: 0, pageLoad: 300000, script: 30000}, unhandledPromptBehavior: dismiss and notify, webauthn:extension:credBlob: true, webauthn:extension:largeBlob: true, webauthn:virtualAuthenticators: true}
Session ID: bdbd5ed61c07daff3b50897a79ee78e5
*** Element info: {Using=xpath, value=//*[@id='sc-item-Ce155685e-3ea9-478a-8c32-abb4d797f36c']/div[4]/div/div[3]/div[1]/span[2]/span/input}
at org.openqa.selenium.remote.http.W3CHttpResponseCodec.createException(W3CHttpResponseCodec.java:187)
at org.openqa.selenium.remote.http.W3CHttpResponseCodec.decode(W3CHttpResponseCodec.java:122)
at org.openqa.selenium.remote.http.W3CHttpResponseCodec.decode(W3CHttpResponseCodec.java:49)
at org.openqa.selenium.remote.HttpCommandExecutor.execute(HttpCommandExecutor.java:158)
at org.openqa.selenium.remote.service.DriverCommandExecutor.execute(DriverCommandExecutor.java:83)
at org.openqa.selenium.remote.RemoteWebDriver.execute(RemoteWebDriver.java:552)
at org.openqa.selenium.remote.RemoteWebDriver.findElement(RemoteWebDriver.java:323)
at org.openqa.selenium.remote.RemoteWebDriver.findElementByXPath(RemoteWebDriver.java:428)
at org.openqa.selenium.By$ByXPath.findElement(By.java:353)
at org.openqa.selenium.remote.RemoteWebDriver.findElement(RemoteWebDriver.java:315)
at org.openqa.selenium.support.pagefactory.DefaultElementLocator.findElement(DefaultElementLocator.java:69)
at org.openqa.selenium.support.pagefactory.internal.LocatingElementHandler.invoke(LocatingElementHandler.java:38)
at jdk.proxy2/jdk.proxy2.$Proxy12.click(Unknown Source)
at pompackage.PomShoppingCart.AddSameItemMultipleTimes(PomShoppingCart.java:146)
at com.amazon.qa.testcases.ShoppingCartTest.verifyAddSameItemMultipleTimes(ShoppingCartTest.java:75)
at java.base/java.util.ArrayList.forEach(ArrayList.java:1511)
... Removed 28 stack frames]]>
    </failure>
  </testcase> <!-- verifyAddSameItemMultipleTimes -->
  <testcase classname="com.amazon.qa.testcases.ShoppingCartTest" name="Title" time="2.101"/>
  <testcase classname="com.amazon.qa.testcases.ShoppingCartTest" name="verifyAddMultipleItem" time="16.364"/>
  <testcase classname="com.amazon.qa.testcases.ShoppingCartTest" name="verifyAddMultipleItem" time="13.576"/>
  <testcase classname="com.amazon.qa.testcases.ShoppingCartTest" name="verifyAddMultipleItem" time="15.585"/>
  <testcase classname="com.amazon.qa.testcases.ShoppingCartTest" name="verifyRemoveSomeIteminCart" time="12.561"/>
  <testcase classname="com.amazon.qa.testcases.ShoppingCartTest" name="verifyRemoveAllIteminCart" time="27.886">
    <failure type="org.openqa.selenium.NoSuchElementException" message="no such element: Unable to locate element: {&amp;quot;method&amp;quot;:&amp;quot;xpath&amp;quot;,&amp;quot;selector&amp;quot;:&amp;quot;//*[@id=&amp;quot;sc-subtotal-amount-activecart&amp;quot;]/span&amp;quot;}
  (Session info: chrome=104.0.5112.102)
For documentation on this error, please visit: https://www.seleniumhq.org/exceptions/no_such_element.html
Build info: version: &amp;apos;3.141.59&amp;apos;, revision: &amp;apos;e82be7d358&amp;apos;, time: &amp;apos;2018-11-14T08:17:03&amp;apos;
System info: host: &amp;apos;SAGAYA-HP&amp;apos;, ip: &amp;apos;192.168.0.37&amp;apos;, os.name: &amp;apos;Windows 11&amp;apos;, os.arch: &amp;apos;amd64&amp;apos;, os.version: &amp;apos;10.0&amp;apos;, java.version: &amp;apos;18.0.1.1&amp;apos;
Driver info: org.openqa.selenium.chrome.ChromeDriver
Capabilities {acceptInsecureCerts: false, browserName: chrome, browserVersion: 104.0.5112.102, chrome: {chromedriverVersion: 103.0.5060.134 (8ec6fce403b..., userDataDir: C:\Users\anith\AppData\Loca...}, goog:chromeOptions: {debuggerAddress: localhost:49164}, javascriptEnabled: true, networkConnectionEnabled: false, pageLoadStrategy: normal, platform: WINDOWS, platformName: WINDOWS, proxy: Proxy(), setWindowRect: true, strictFileInteractability: false, timeouts: {implicit: 0, pageLoad: 300000, script: 30000}, unhandledPromptBehavior: dismiss and notify, webauthn:extension:credBlob: true, webauthn:extension:largeBlob: true, webauthn:virtualAuthenticators: true}
Session ID: 4e29e57d2a3d0bee9aa459da0b47a9ac
*** Element info: {Using=xpath, value=//*[@id=&amp;quot;sc-subtotal-amount-activecart&amp;quot;]/span}">
      <![CDATA[org.openqa.selenium.NoSuchElementException: no such element: Unable to locate element: {"method":"xpath","selector":"//*[@id="sc-subtotal-amount-activecart"]/span"}
  (Session info: chrome=104.0.5112.102)
For documentation on this error, please visit: https://www.seleniumhq.org/exceptions/no_such_element.html
Build info: version: '3.141.59', revision: 'e82be7d358', time: '2018-11-14T08:17:03'
System info: host: 'SAGAYA-HP', ip: '192.168.0.37', os.name: 'Windows 11', os.arch: 'amd64', os.version: '10.0', java.version: '18.0.1.1'
Driver info: org.openqa.selenium.chrome.ChromeDriver
Capabilities {acceptInsecureCerts: false, browserName: chrome, browserVersion: 104.0.5112.102, chrome: {chromedriverVersion: 103.0.5060.134 (8ec6fce403b..., userDataDir: C:\Users\anith\AppData\Loca...}, goog:chromeOptions: {debuggerAddress: localhost:49164}, javascriptEnabled: true, networkConnectionEnabled: false, pageLoadStrategy: normal, platform: WINDOWS, platformName: WINDOWS, proxy: Proxy(), setWindowRect: true, strictFileInteractability: false, timeouts: {implicit: 0, pageLoad: 300000, script: 30000}, unhandledPromptBehavior: dismiss and notify, webauthn:extension:credBlob: true, webauthn:extension:largeBlob: true, webauthn:virtualAuthenticators: true}
Session ID: 4e29e57d2a3d0bee9aa459da0b47a9ac
*** Element info: {Using=xpath, value=//*[@id="sc-subtotal-amount-activecart"]/span}
at org.openqa.selenium.remote.http.W3CHttpResponseCodec.createException(W3CHttpResponseCodec.java:187)
at org.openqa.selenium.remote.http.W3CHttpResponseCodec.decode(W3CHttpResponseCodec.java:122)
at org.openqa.selenium.remote.http.W3CHttpResponseCodec.decode(W3CHttpResponseCodec.java:49)
at org.openqa.selenium.remote.HttpCommandExecutor.execute(HttpCommandExecutor.java:158)
at org.openqa.selenium.remote.service.DriverCommandExecutor.execute(DriverCommandExecutor.java:83)
at org.openqa.selenium.remote.RemoteWebDriver.execute(RemoteWebDriver.java:552)
at org.openqa.selenium.remote.RemoteWebDriver.findElement(RemoteWebDriver.java:323)
at org.openqa.selenium.remote.RemoteWebDriver.findElementByXPath(RemoteWebDriver.java:428)
at org.openqa.selenium.By$ByXPath.findElement(By.java:353)
at org.openqa.selenium.remote.RemoteWebDriver.findElement(RemoteWebDriver.java:315)
at org.openqa.selenium.support.pagefactory.DefaultElementLocator.findElement(DefaultElementLocator.java:69)
at org.openqa.selenium.support.pagefactory.internal.LocatingElementHandler.invoke(LocatingElementHandler.java:38)
at jdk.proxy2/jdk.proxy2.$Proxy12.getText(Unknown Source)
at pompackage.PomShoppingCart.RemoveAllIteminCart(PomShoppingCart.java:208)
at com.amazon.qa.testcases.ShoppingCartTest.verifyRemoveAllIteminCart(ShoppingCartTest.java:103)
at java.base/java.util.ArrayList.forEach(ArrayList.java:1511)
... Removed 28 stack frames]]>
    </failure>
  </testcase> <!-- verifyRemoveAllIteminCart -->
  <testcase classname="com.amazon.qa.testcases.ShoppingCartTest" name="verifyClickOnTheItemIntheCart" time="23.227">
    <failure type="org.openqa.selenium.NoSuchElementException" message="no such element: Unable to locate element: {&amp;quot;method&amp;quot;:&amp;quot;xpath&amp;quot;,&amp;quot;selector&amp;quot;:&amp;quot;//div[@data-name=&amp;apos;Active Items&amp;apos;]//div[@data-item-index=&amp;apos;1&amp;apos;]//div[4]//div[3]//ul//li//span[@class=&amp;apos;a-list-item&amp;apos;]//a[@class=&amp;apos;a-link-normal sc-product-link&amp;apos;]&amp;quot;}
  (Session info: chrome=104.0.5112.102)
For documentation on this error, please visit: https://www.seleniumhq.org/exceptions/no_such_element.html
Build info: version: &amp;apos;3.141.59&amp;apos;, revision: &amp;apos;e82be7d358&amp;apos;, time: &amp;apos;2018-11-14T08:17:03&amp;apos;
System info: host: &amp;apos;SAGAYA-HP&amp;apos;, ip: &amp;apos;192.168.0.37&amp;apos;, os.name: &amp;apos;Windows 11&amp;apos;, os.arch: &amp;apos;amd64&amp;apos;, os.version: &amp;apos;10.0&amp;apos;, java.version: &amp;apos;18.0.1.1&amp;apos;
Driver info: org.openqa.selenium.chrome.ChromeDriver
Capabilities {acceptInsecureCerts: false, browserName: chrome, browserVersion: 104.0.5112.102, chrome: {chromedriverVersion: 103.0.5060.134 (8ec6fce403b..., userDataDir: C:\Users\anith\AppData\Loca...}, goog:chromeOptions: {debuggerAddress: localhost:49293}, javascriptEnabled: true, networkConnectionEnabled: false, pageLoadStrategy: normal, platform: WINDOWS, platformName: WINDOWS, proxy: Proxy(), setWindowRect: true, strictFileInteractability: false, timeouts: {implicit: 0, pageLoad: 300000, script: 30000}, unhandledPromptBehavior: dismiss and notify, webauthn:extension:credBlob: true, webauthn:extension:largeBlob: true, webauthn:virtualAuthenticators: true}
Session ID: c91c87a9ee46b5fb3f51a5422be4a7c7
*** Element info: {Using=xpath, value=//div[@data-name=&amp;apos;Active Items&amp;apos;]//div[@data-item-index=&amp;apos;1&amp;apos;]//div[4]//div[3]//ul//li//span[@class=&amp;apos;a-list-item&amp;apos;]//a[@class=&amp;apos;a-link-normal sc-product-link&amp;apos;]}">
      <![CDATA[org.openqa.selenium.NoSuchElementException: no such element: Unable to locate element: {"method":"xpath","selector":"//div[@data-name='Active Items']//div[@data-item-index='1']//div[4]//div[3]//ul//li//span[@class='a-list-item']//a[@class='a-link-normal sc-product-link']"}
  (Session info: chrome=104.0.5112.102)
For documentation on this error, please visit: https://www.seleniumhq.org/exceptions/no_such_element.html
Build info: version: '3.141.59', revision: 'e82be7d358', time: '2018-11-14T08:17:03'
System info: host: 'SAGAYA-HP', ip: '192.168.0.37', os.name: 'Windows 11', os.arch: 'amd64', os.version: '10.0', java.version: '18.0.1.1'
Driver info: org.openqa.selenium.chrome.ChromeDriver
Capabilities {acceptInsecureCerts: false, browserName: chrome, browserVersion: 104.0.5112.102, chrome: {chromedriverVersion: 103.0.5060.134 (8ec6fce403b..., userDataDir: C:\Users\anith\AppData\Loca...}, goog:chromeOptions: {debuggerAddress: localhost:49293}, javascriptEnabled: true, networkConnectionEnabled: false, pageLoadStrategy: normal, platform: WINDOWS, platformName: WINDOWS, proxy: Proxy(), setWindowRect: true, strictFileInteractability: false, timeouts: {implicit: 0, pageLoad: 300000, script: 30000}, unhandledPromptBehavior: dismiss and notify, webauthn:extension:credBlob: true, webauthn:extension:largeBlob: true, webauthn:virtualAuthenticators: true}
Session ID: c91c87a9ee46b5fb3f51a5422be4a7c7
*** Element info: {Using=xpath, value=//div[@data-name='Active Items']//div[@data-item-index='1']//div[4]//div[3]//ul//li//span[@class='a-list-item']//a[@class='a-link-normal sc-product-link']}
at org.openqa.selenium.remote.http.W3CHttpResponseCodec.createException(W3CHttpResponseCodec.java:187)
at org.openqa.selenium.remote.http.W3CHttpResponseCodec.decode(W3CHttpResponseCodec.java:122)
at org.openqa.selenium.remote.http.W3CHttpResponseCodec.decode(W3CHttpResponseCodec.java:49)
at org.openqa.selenium.remote.HttpCommandExecutor.execute(HttpCommandExecutor.java:158)
at org.openqa.selenium.remote.service.DriverCommandExecutor.execute(DriverCommandExecutor.java:83)
at org.openqa.selenium.remote.RemoteWebDriver.execute(RemoteWebDriver.java:552)
at org.openqa.selenium.remote.RemoteWebDriver.findElement(RemoteWebDriver.java:323)
at org.openqa.selenium.remote.RemoteWebDriver.findElementByXPath(RemoteWebDriver.java:428)
at org.openqa.selenium.By$ByXPath.findElement(By.java:353)
at org.openqa.selenium.remote.RemoteWebDriver.findElement(RemoteWebDriver.java:315)
at org.openqa.selenium.support.pagefactory.DefaultElementLocator.findElement(DefaultElementLocator.java:69)
at org.openqa.selenium.support.pagefactory.internal.LocatingElementHandler.invoke(LocatingElementHandler.java:38)
at jdk.proxy2/jdk.proxy2.$Proxy12.click(Unknown Source)
at pompackage.PomShoppingCart.ClickOnTheItemIntheCart(PomShoppingCart.java:228)
at com.amazon.qa.testcases.ShoppingCartTest.verifyClickOnTheItemIntheCart(ShoppingCartTest.java:110)
at java.base/java.util.ArrayList.forEach(ArrayList.java:1511)
... Removed 28 stack frames]]>
    </failure>
  </testcase> <!-- verifyClickOnTheItemIntheCart -->
  <testcase classname="com.amazon.qa.testcases.YourAddressTest" name="Title" time="0.008"/>
  <testcase classname="com.amazon.qa.testcases.YourAddressTest" name="AddAddress" time="0.056"/>
  <testcase classname="com.amazon.qa.testcases.YourAddressTest" name="DefaultAddress" time="0.241"/>
  <testcase classname="com.amazon.qa.testcases.YourAccountTest" name="Title" time="0.016"/>
  <testcase classname="com.amazon.qa.testcases.YourAccountTest" name="getUserNameTest" time="0.041"/>
  <testcase classname="com.amazon.qa.testcases.YourAccountTest" name="verifyUserNameTest" time="0.035"/>
  <testcase classname="com.amazon.qa.testcases.YourAccountTest" name="testYourOrdersPage" time="1.233"/>
  <testcase classname="com.amazon.qa.testcases.YourAccountTest" name="testYourAddressPage" time="0.859"/>
  <testcase classname="com.amazon.qa.testcases.YourAccountTest" name="testLoginandSecurityPage" time="0.925"/>
  <testcase classname="com.amazon.qa.testcases.YourAccountTest" name="testYourPaymentPage" time="1.225"/>
  <testcase classname="com.amazon.qa.testcases.YourOrdersTest" name="Title" time="0.008"/>
  <testcase classname="com.amazon.qa.testcases.YourOrdersTest" name="testBuyAgainLink" time="1.985"/>
  <testcase classname="com.amazon.qa.testcases.YourOrdersTest" name="testCancelledorderLink" time="1.02"/>
  <testcase classname="com.amazon.qa.testcases.YourOrdersTest" name="testNotyetShipped" time="1.203"/>
  <testcase classname="com.amazon.qa.testcases.YourOrdersTest" name="testOrdersLink1" time="40.073">
    <failure type="org.openqa.selenium.NoSuchFrameException" message="No frame element found by name or id //div//a[1]
Build info: version: &amp;apos;3.141.59&amp;apos;, revision: &amp;apos;e82be7d358&amp;apos;, time: &amp;apos;2018-11-14T08:17:03&amp;apos;
System info: host: &amp;apos;SAGAYA-HP&amp;apos;, ip: &amp;apos;192.168.0.37&amp;apos;, os.name: &amp;apos;Windows 11&amp;apos;, os.arch: &amp;apos;amd64&amp;apos;, os.version: &amp;apos;10.0&amp;apos;, java.version: &amp;apos;18.0.1.1&amp;apos;
Driver info: driver.version: unknown">
      <![CDATA[org.openqa.selenium.NoSuchFrameException: No frame element found by name or id //div//a[1]
Build info: version: '3.141.59', revision: 'e82be7d358', time: '2018-11-14T08:17:03'
System info: host: 'SAGAYA-HP', ip: '192.168.0.37', os.name: 'Windows 11', os.arch: 'amd64', os.version: '10.0', java.version: '18.0.1.1'
Driver info: driver.version: unknown
at org.openqa.selenium.remote.RemoteWebDriver$RemoteTargetLocator.frame(RemoteWebDriver.java:885)
at pompackage.PomYourOrders.orderfilter1(PomYourOrders.java:45)
at com.amazon.qa.testcases.YourOrdersTest.testOrdersLink1(YourOrdersTest.java:49)
at java.base/java.util.ArrayList.forEach(ArrayList.java:1511)
... Removed 25 stack frames]]>
    </failure>
  </testcase> <!-- testOrdersLink1 -->
  <testcase classname="com.amazon.qa.testcases.LoginAndSecurityTest" name="Title" time="0.012"/>
  <testcase classname="com.amazon.qa.testcases.AddItemCloseandReopen" name="verifyCloseReopen" time="33.407"/>
  <testcase classname="com.amazon.qa.testcases.YourPaymentsTest" name="Title" time="0.006"/>
  <testcase classname="com.amazon.qa.testcases.YourPaymentsTest" name="addpayment" time="20.029">
    <failure type="org.openqa.selenium.NoSuchElementException" message="no such element: Unable to locate element: {&amp;quot;method&amp;quot;:&amp;quot;xpath&amp;quot;,&amp;quot;selector&amp;quot;:&amp;quot;//*[@id=&amp;quot;a-page&amp;quot;]/div[2]/ul/div/li[2]/span/a&amp;quot;}
  (Session info: chrome=104.0.5112.102)
For documentation on this error, please visit: https://www.seleniumhq.org/exceptions/no_such_element.html
Build info: version: &amp;apos;3.141.59&amp;apos;, revision: &amp;apos;e82be7d358&amp;apos;, time: &amp;apos;2018-11-14T08:17:03&amp;apos;
System info: host: &amp;apos;SAGAYA-HP&amp;apos;, ip: &amp;apos;192.168.0.37&amp;apos;, os.name: &amp;apos;Windows 11&amp;apos;, os.arch: &amp;apos;amd64&amp;apos;, os.version: &amp;apos;10.0&amp;apos;, java.version: &amp;apos;18.0.1.1&amp;apos;
Driver info: org.openqa.selenium.chrome.ChromeDriver
Capabilities {acceptInsecureCerts: false, browserName: chrome, browserVersion: 104.0.5112.102, chrome: {chromedriverVersion: 103.0.5060.134 (8ec6fce403b..., userDataDir: C:\Users\anith\AppData\Loca...}, goog:chromeOptions: {debuggerAddress: localhost:52256}, javascriptEnabled: true, networkConnectionEnabled: false, pageLoadStrategy: normal, platform: WINDOWS, platformName: WINDOWS, proxy: Proxy(), setWindowRect: true, strictFileInteractability: false, timeouts: {implicit: 0, pageLoad: 300000, script: 30000}, unhandledPromptBehavior: dismiss and notify, webauthn:extension:credBlob: true, webauthn:extension:largeBlob: true, webauthn:virtualAuthenticators: true}
Session ID: 415e0d5968e698e89b085fa970184551
*** Element info: {Using=xpath, value=//*[@id=&amp;quot;a-page&amp;quot;]/div[2]/ul/div/li[2]/span/a}">
      <![CDATA[org.openqa.selenium.NoSuchElementException: no such element: Unable to locate element: {"method":"xpath","selector":"//*[@id="a-page"]/div[2]/ul/div/li[2]/span/a"}
  (Session info: chrome=104.0.5112.102)
For documentation on this error, please visit: https://www.seleniumhq.org/exceptions/no_such_element.html
Build info: version: '3.141.59', revision: 'e82be7d358', time: '2018-11-14T08:17:03'
System info: host: 'SAGAYA-HP', ip: '192.168.0.37', os.name: 'Windows 11', os.arch: 'amd64', os.version: '10.0', java.version: '18.0.1.1'
Driver info: org.openqa.selenium.chrome.ChromeDriver
Capabilities {acceptInsecureCerts: false, browserName: chrome, browserVersion: 104.0.5112.102, chrome: {chromedriverVersion: 103.0.5060.134 (8ec6fce403b..., userDataDir: C:\Users\anith\AppData\Loca...}, goog:chromeOptions: {debuggerAddress: localhost:52256}, javascriptEnabled: true, networkConnectionEnabled: false, pageLoadStrategy: normal, platform: WINDOWS, platformName: WINDOWS, proxy: Proxy(), setWindowRect: true, strictFileInteractability: false, timeouts: {implicit: 0, pageLoad: 300000, script: 30000}, unhandledPromptBehavior: dismiss and notify, webauthn:extension:credBlob: true, webauthn:extension:largeBlob: true, webauthn:virtualAuthenticators: true}
Session ID: 415e0d5968e698e89b085fa970184551
*** Element info: {Using=xpath, value=//*[@id="a-page"]/div[2]/ul/div/li[2]/span/a}
at org.openqa.selenium.remote.http.W3CHttpResponseCodec.createException(W3CHttpResponseCodec.java:187)
at org.openqa.selenium.remote.http.W3CHttpResponseCodec.decode(W3CHttpResponseCodec.java:122)
at org.openqa.selenium.remote.http.W3CHttpResponseCodec.decode(W3CHttpResponseCodec.java:49)
at org.openqa.selenium.remote.HttpCommandExecutor.execute(HttpCommandExecutor.java:158)
at org.openqa.selenium.remote.service.DriverCommandExecutor.execute(DriverCommandExecutor.java:83)
at org.openqa.selenium.remote.RemoteWebDriver.execute(RemoteWebDriver.java:552)
at org.openqa.selenium.remote.RemoteWebDriver.findElement(RemoteWebDriver.java:323)
at org.openqa.selenium.remote.RemoteWebDriver.findElementByXPath(RemoteWebDriver.java:428)
at org.openqa.selenium.By$ByXPath.findElement(By.java:353)
at org.openqa.selenium.remote.RemoteWebDriver.findElement(RemoteWebDriver.java:315)
at org.openqa.selenium.support.pagefactory.DefaultElementLocator.findElement(DefaultElementLocator.java:69)
at org.openqa.selenium.support.pagefactory.internal.LocatingElementHandler.invoke(LocatingElementHandler.java:38)
at jdk.proxy2/jdk.proxy2.$Proxy12.click(Unknown Source)
at pompackage.PomYourPayment.addcard(PomYourPayment.java:39)
at com.amazon.qa.testcases.YourPaymentsTest.addpayment(YourPaymentsTest.java:49)
at java.base/java.util.ArrayList.forEach(ArrayList.java:1511)
... Removed 28 stack frames]]>
    </failure>
  </testcase> <!-- addpayment -->
  <testcase classname="com.amazon.qa.testcases.YourAddressTest" name="addaddress" time="0.0">
    <ignored/>
  </testcase> <!-- addaddress -->
  <testcase classname="com.amazon.qa.testcases.YourOrdersTest" name="testOrdersLink2" time="0.0">
    <ignored/>
  </testcase> <!-- testOrdersLink2 -->
  <testcase classname="com.amazon.qa.testcases.YourOrdersTest" name="testOrdersLink3" time="0.0">
    <ignored/>
  </testcase> <!-- testOrdersLink3 -->
</testsuite> <!-- Test -->
