<?xml version="1.0" encoding="UTF-8"?>
<!-- Generated by org.testng.reporters.JUnitReportReporter -->
<testsuite hostname="Sagaya-HP" failures="0" tests="7" name="com.amazon.qa.testcases.YourOrdersTest" time="123.207" errors="1" timestamp="2022-09-02T08:15:14 EDT" skipped="2">
  <testcase classname="com.amazon.qa.testcases.YourOrdersTest" name="Title" time="16.445"/>
  <system-out/>
  <testcase classname="com.amazon.qa.testcases.YourOrdersTest" name="testBuyAgainLink" time="17.536"/>
  <system-out/>
  <testcase classname="com.amazon.qa.testcases.YourOrdersTest" name="testCancelledorderLink" time="16.618"/>
  <system-out/>
  <testcase classname="com.amazon.qa.testcases.YourOrdersTest" name="testNotyetShipped" time="17.087"/>
  <system-out/>
  <testcase classname="com.amazon.qa.testcases.YourOrdersTest" name="testOrdersLink1" time="55.521">
    <error message="No frame element found by name or id //div//a[1]
Build info: version: &#039;3.141.59&#039;, revision: &#039;e82be7d358&#039;, time: &#039;2018-11-14T08:17:03&#039;
System info: host: &#039;SAGAYA-HP&#039;, ip: &#039;192.168.0.37&#039;, os.name: &#039;Windows 11&#039;, os.arch: &#039;amd64&#039;, os.version: &#039;10.0&#039;, java.version: &#039;18.0.1.1&#039;
Driver info: driver.version: unknown" type="org.openqa.selenium.NoSuchFrameException">
      <![CDATA[org.openqa.selenium.NoSuchFrameException: No frame element found by name or id //div//a[1]
Build info: version: '3.141.59', revision: 'e82be7d358', time: '2018-11-14T08:17:03'
System info: host: 'SAGAYA-HP', ip: '192.168.0.37', os.name: 'Windows 11', os.arch: 'amd64', os.version: '10.0', java.version: '18.0.1.1'
Driver info: driver.version: unknown
at org.openqa.selenium.remote.RemoteWebDriver$RemoteTargetLocator.frame(RemoteWebDriver.java:885)
at pompackage.PomYourOrders.orderfilter1(PomYourOrders.java:45)
at com.amazon.qa.testcases.YourOrdersTest.testOrdersLink1(YourOrdersTest.java:49)
at java.base/jdk.internal.reflect.DirectMethodHandleAccessor.invoke(DirectMethodHandleAccessor.java:104)
at java.base/java.lang.reflect.Method.invoke(Method.java:577)
at org.testng.internal.invokers.MethodInvocationHelper.invokeMethod(MethodInvocationHelper.java:139)
at org.testng.internal.invokers.TestInvoker.invokeMethod(TestInvoker.java:677)
at org.testng.internal.invokers.TestInvoker.invokeTestMethod(TestInvoker.java:221)
at org.testng.internal.invokers.MethodRunner.runInSequence(MethodRunner.java:50)
at org.testng.internal.invokers.TestInvoker$MethodInvocationAgent.invoke(TestInvoker.java:962)
at org.testng.internal.invokers.TestInvoker.invokeTestMethods(TestInvoker.java:194)
at org.testng.internal.invokers.TestMethodWorker.invokeTestMethods(TestMethodWorker.java:148)
at org.testng.internal.invokers.TestMethodWorker.run(TestMethodWorker.java:128)
at java.base/java.util.ArrayList.forEach(ArrayList.java:1511)
at org.testng.TestRunner.privateRun(TestRunner.java:806)
at org.testng.TestRunner.run(TestRunner.java:601)
at org.testng.SuiteRunner.runTest(SuiteRunner.java:433)
at org.testng.SuiteRunner.runSequentially(SuiteRunner.java:427)
at org.testng.SuiteRunner.privateRun(SuiteRunner.java:387)
at org.testng.SuiteRunner.run(SuiteRunner.java:330)
at org.testng.SuiteRunnerWorker.runSuite(SuiteRunnerWorker.java:52)
at org.testng.SuiteRunnerWorker.run(SuiteRunnerWorker.java:95)
at org.testng.TestNG.runSuitesSequentially(TestNG.java:1256)
at org.testng.TestNG.runSuitesLocally(TestNG.java:1176)
at org.testng.TestNG.runSuites(TestNG.java:1099)
at org.testng.TestNG.run(TestNG.java:1067)
at org.testng.remote.AbstractRemoteTestNG.run(AbstractRemoteTestNG.java:115)
at org.testng.remote.RemoteTestNG.initAndRun(RemoteTestNG.java:251)
at org.testng.remote.RemoteTestNG.main(RemoteTestNG.java:77)
]]>
    </error>
  </testcase> <!-- testOrdersLink1 -->
  <system-out/>
  <testcase classname="com.amazon.qa.testcases.YourOrdersTest" name="testOrdersLink2">
    <skipped/>
  </testcase> <!-- testOrdersLink2 -->
  <system-out/>
  <testcase classname="com.amazon.qa.testcases.YourOrdersTest" name="testOrdersLink3">
    <skipped/>
  </testcase> <!-- testOrdersLink3 -->
  <system-out/>
</testsuite> <!-- com.amazon.qa.testcases.YourOrdersTest -->
