<?xml version="1.0" encoding="UTF-8"?>
<!-- Generated by org.testng.reporters.JUnitXMLReporter -->
<testsuite ignored="8" hostname="Sagaya-HP" failures="1" tests="1" name="Default test(failed)" time="39.75" errors="0" timestamp="2022-08-31T20:28:33 EDT">
  <testcase classname="com.amazon.qa.testcases.ShoppingCartTest" name="verifyCloseReopen" time="27.211">
    <failure type="org.openqa.selenium.NoSuchSessionException" message="Tried to run command without establishing a connection
Build info: version: &amp;apos;3.141.59&amp;apos;, revision: &amp;apos;e82be7d358&amp;apos;, time: &amp;apos;2018-11-14T08:17:03&amp;apos;
System info: host: &amp;apos;SAGAYA-HP&amp;apos;, ip: &amp;apos;192.168.0.37&amp;apos;, os.name: &amp;apos;Windows 11&amp;apos;, os.arch: &amp;apos;amd64&amp;apos;, os.version: &amp;apos;10.0&amp;apos;, java.version: &amp;apos;18.0.1.1&amp;apos;
Driver info: org.openqa.selenium.firefox.FirefoxDriver
Capabilities {acceptInsecureCerts: true, browserName: firefox, browserVersion: 104.0.1, javascriptEnabled: true, moz:accessibilityChecks: false, moz:buildID: 20220829141339, moz:geckodriverVersion: 0.31.0, moz:headless: false, moz:platformVersion: 10.0, moz:processID: 47340, moz:profile: C:\Users\anith\AppData\Loca..., moz:shutdownTimeout: 60000, moz:useNonSpecCompliantPointerOrigin: false, moz:webdriverClick: true, moz:windowless: false, pageLoadStrategy: normal, platform: WINDOWS, platformName: WINDOWS, proxy: Proxy(), setWindowRect: true, strictFileInteractability: false, timeouts: {implicit: 0, pageLoad: 300000, script: 30000}, unhandledPromptBehavior: dismiss and notify}
Session ID: 5073250f-659a-4658-bf42-2edc32835d2f
*** Element info: {Using=xpath, value=//header/div[@id=&amp;apos;navbar&amp;apos;]/div[@id=&amp;apos;nav-belt&amp;apos;]/div[3]/div[1]/a[5]/div[1]/span[2]}">
      <![CDATA[org.openqa.selenium.NoSuchSessionException: Tried to run command without establishing a connection
Build info: version: '3.141.59', revision: 'e82be7d358', time: '2018-11-14T08:17:03'
System info: host: 'SAGAYA-HP', ip: '192.168.0.37', os.name: 'Windows 11', os.arch: 'amd64', os.version: '10.0', java.version: '18.0.1.1'
Driver info: org.openqa.selenium.firefox.FirefoxDriver
Capabilities {acceptInsecureCerts: true, browserName: firefox, browserVersion: 104.0.1, javascriptEnabled: true, moz:accessibilityChecks: false, moz:buildID: 20220829141339, moz:geckodriverVersion: 0.31.0, moz:headless: false, moz:platformVersion: 10.0, moz:processID: 47340, moz:profile: C:\Users\anith\AppData\Loca..., moz:shutdownTimeout: 60000, moz:useNonSpecCompliantPointerOrigin: false, moz:webdriverClick: true, moz:windowless: false, pageLoadStrategy: normal, platform: WINDOWS, platformName: WINDOWS, proxy: Proxy(), setWindowRect: true, strictFileInteractability: false, timeouts: {implicit: 0, pageLoad: 300000, script: 30000}, unhandledPromptBehavior: dismiss and notify}
Session ID: 5073250f-659a-4658-bf42-2edc32835d2f
*** Element info: {Using=xpath, value=//header/div[@id='navbar']/div[@id='nav-belt']/div[3]/div[1]/a[5]/div[1]/span[2]}
at org.openqa.selenium.remote.http.W3CHttpResponseCodec.createException(W3CHttpResponseCodec.java:187)
at org.openqa.selenium.remote.http.W3CHttpResponseCodec.decode(W3CHttpResponseCodec.java:122)
at org.openqa.selenium.remote.http.W3CHttpResponseCodec.decode(W3CHttpResponseCodec.java:49)
at org.openqa.selenium.remote.HttpCommandExecutor.execute(HttpCommandExecutor.java:158)
at org.openqa.selenium.remote.service.DriverCommandExecutor.execute(DriverCommandExecutor.java:83)
at org.openqa.selenium.remote.RemoteWebDriver.execute(RemoteWebDriver.java:552)
at org.openqa.selenium.remote.RemoteWebDriver.findElement(RemoteWebDriver.java:323)
at org.openqa.selenium.remote.RemoteWebDriver.findElementByXPath(RemoteWebDriver.java:428)
at org.openqa.selenium.By$ByXPath.findElement(By.java:353)
at org.openqa.selenium.remote.RemoteWebDriver.findElement(RemoteWebDriver.java:315)
at org.openqa.selenium.support.pagefactory.DefaultElementLocator.findElement(DefaultElementLocator.java:69)
at org.openqa.selenium.support.pagefactory.internal.LocatingElementHandler.invoke(LocatingElementHandler.java:38)
at jdk.proxy2/jdk.proxy2.$Proxy12.click(Unknown Source)
at pompackage.PomShoppingCart.checkcart(PomShoppingCart.java:255)
at com.amazon.qa.testcases.ShoppingCartTest.verifyCloseReopen(ShoppingCartTest.java:115)
at java.base/java.util.ArrayList.forEach(ArrayList.java:1511)
... Removed 28 stack frames]]>
    </failure>
  </testcase> <!-- verifyCloseReopen -->
  <testcase classname="com.amazon.qa.testcases.ShoppingCartTest" name="verifyClickOnTheItemIntheCart" time="0.0">
    <ignored/>
  </testcase> <!-- verifyClickOnTheItemIntheCart -->
  <testcase classname="com.amazon.qa.testcases.ShoppingCartTest" name="verifyRemoveSomeIteminCart" time="0.0">
    <ignored/>
  </testcase> <!-- verifyRemoveSomeIteminCart -->
  <testcase classname="com.amazon.qa.testcases.ShoppingCartTest" name="verifyRemoveAllIteminCart" time="0.0">
    <ignored/>
  </testcase> <!-- verifyRemoveAllIteminCart -->
  <testcase classname="com.amazon.qa.testcases.ShoppingCartTest" name="Title" time="0.0">
    <ignored/>
  </testcase> <!-- Title -->
  <testcase classname="com.amazon.qa.testcases.ShoppingCartTest" name="verifyAddQuantity" time="0.0">
    <ignored/>
  </testcase> <!-- verifyAddQuantity -->
  <testcase classname="com.amazon.qa.testcases.ShoppingCartTest" name="verifyAddSameItemMultipleTimes" time="0.0">
    <ignored/>
  </testcase> <!-- verifyAddSameItemMultipleTimes -->
  <testcase classname="com.amazon.qa.testcases.ShoppingCartTest" name="verifyAddMultipleItem" time="0.0">
    <ignored/>
  </testcase> <!-- verifyAddMultipleItem -->
  <testcase classname="com.amazon.qa.testcases.ShoppingCartTest" name="verifyAddToCart" time="0.0">
    <ignored/>
  </testcase> <!-- verifyAddToCart -->
</testsuite> <!-- Default test(failed) -->
